<?xml version="1.0" encoding="UTF-8" ?>
<testsuite failures="0" time="0.823" errors="0" skipped="1" tests="13" name="com.o19s.solr.TestRegexpQuery">
  <properties>
    <property name="java.runtime.name" value="Java(TM) SE Runtime Environment"/>
    <property name="sun.boot.library.path" value="C:\PROGRA~2\SAIC\Server\jdk\jre\bin"/>
    <property name="java.vm.version" value="20.0-b11"/>
    <property name="java.vm.vendor" value="Sun Microsystems Inc."/>
    <property name="java.vendor.url" value="http://java.sun.com/"/>
    <property name="path.separator" value=";"/>
    <property name="java.vm.name" value="Java HotSpot(TM) Client VM"/>
    <property name="file.encoding.pkg" value="sun.io"/>
    <property name="user.country" value="US"/>
    <property name="sun.java.launcher" value="SUN_STANDARD"/>
    <property name="sun.os.patch.level" value="Service Pack 1"/>
    <property name="java.vm.specification.name" value="Java Virtual Machine Specification"/>
    <property name="user.dir" value="D:\OSC\Eclipse\o19s-solr-termsubset"/>
    <property name="java.runtime.version" value="1.6.0_25-b06"/>
    <property name="java.awt.graphicsenv" value="sun.awt.Win32GraphicsEnvironment"/>
    <property name="basedir" value="D:\OSC\Eclipse\o19s-solr-termsubset"/>
    <property name="solr.directoryFactory" value="org.apache.solr.core.MockDirectoryFactory"/>
    <property name="java.endorsed.dirs" value="C:\PROGRA~2\SAIC\Server\jdk\jre\lib\endorsed"/>
    <property name="os.arch" value="x86"/>
    <property name="surefire.real.class.path" value="C:\Users\Scott\AppData\Local\Temp\surefirebooter4026236230170444818.jar"/>
    <property name="java.io.tmpdir" value="C:\Users\Scott\AppData\Local\Temp\"/>
    <property name="line.separator" value="
"/>
    <property name="java.vm.specification.vendor" value="Sun Microsystems Inc."/>
    <property name="user.variant" value=""/>
    <property name="os.name" value="Windows 7"/>
    <property name="sun.jnu.encoding" value="Cp1252"/>
    <property name="java.library.path" value="C:\PROGRA~2\SAIC\Server\jdk\jre\bin;.;C:\Windows\Sun\Java\bin;C:\Windows\system32;C:\Windows;C:\Program Files\SlikSvn\bin;C:\Windows\system32;C:\Windows;C:\Windows\System32\Wbem;C:\Windows\System32\WindowsPowerShell\v1.0\;D:\Clients\SAIC\MuSIC\lib\apache-ant-1.8.2\bin;C:\Program Files\Apache Software Foundation\apache-maven-2.2.1\bin;C:\Program Files\Java\jdk1.6.0_24\bin;C:\PROGRA~2\SAIC\Server\PostgreSQL\8.4\bin;C:\PROGRA~2\SAIC\Server\jboss\bin;C:\PROGRA~2\SAIC\Server\lib\imageio-ext\gdalplugin;C:\Program Files\SlikSvn\bin\;C:\Python27\Scripts;D:\OSC\solr-class\curl-win32\curl-7.11.2-win32-ssl;C:\strawberry\c\bin;C:\strawberry\perl\site\bin;C:\strawberry\perl\bin;C:\Program Files\SlikSvn\bin;C:\Windows\system32;C:\Windows;C:\Windows\System32\Wbem;C:\Windows\System32\WindowsPowerShell\v1.0\;D:\Clients\SAIC\MuSIC\lib\apache-ant-1.8.2\bin;C:\Program Files\Apache Software Foundation\apache-maven-2.2.1\bin;C:\Program Files\Java\jdk1.6.0_24\bin;C:\PROGRA~2\SAIC\Server\PostgreSQL\8.4\bin;C:\PROGRA~2\SAIC\Server\jboss\bin;C:\PROGRA~2\SAIC\Server\lib\imageio-ext\gdalplugin;C:\Program Files\SlikSvn\bin\;C:\Python27\Scripts;D:\OSC\solr-class\curl-win32\curl-7.11.2-win32-ssl;C:\strawberry\c\bin;C:\strawberry\perl\site\bin;C:\strawberry\perl\bin;C:\Python27\Scripts;C:\Python27;"/>
    <property name="surefire.test.class.path" value="D:\OSC\Eclipse\o19s-solr-termsubset\target\test-classes;D:\OSC\Eclipse\o19s-solr-termsubset\target\classes;C:\Users\Scott\.m2\repository\org\apache\solr\solr-core\4.0-SNAPSHOT\solr-core-4.0-SNAPSHOT.jar;C:\Users\Scott\.m2\repository\org\apache\solr\solr-solrj\4.0-SNAPSHOT\solr-solrj-4.0-SNAPSHOT.jar;C:\Users\Scott\.m2\repository\org\apache\zookeeper\zookeeper\3.3.3\zookeeper-3.3.3.jar;C:\Users\Scott\.m2\repository\log4j\log4j\1.2.15\log4j-1.2.15.jar;C:\Users\Scott\.m2\repository\javax\mail\mail\1.4\mail-1.4.jar;C:\Users\Scott\.m2\repository\javax\activation\activation\1.1\activation-1.1.jar;C:\Users\Scott\.m2\repository\jline\jline\0.9.94\jline-0.9.94.jar;C:\Users\Scott\.m2\repository\junit\junit\4.7\junit-4.7.jar;C:\Users\Scott\.m2\repository\commons-httpclient\commons-httpclient\3.1\commons-httpclient-3.1.jar;C:\Users\Scott\.m2\repository\commons-logging\commons-logging\1.0.4\commons-logging-1.0.4.jar;C:\Users\Scott\.m2\repository\commons-codec\commons-codec\1.4\commons-codec-1.4.jar;C:\Users\Scott\.m2\repository\commons-io\commons-io\1.4\commons-io-1.4.jar;C:\Users\Scott\.m2\repository\org\slf4j\slf4j-api\1.6.1\slf4j-api-1.6.1.jar;C:\Users\Scott\.m2\repository\org\apache\solr\solr-noggit\4.0-SNAPSHOT\solr-noggit-4.0-SNAPSHOT.jar;C:\Users\Scott\.m2\repository\org\apache\lucene\lucene-analyzers-common\4.0-SNAPSHOT\lucene-analyzers-common-4.0-SNAPSHOT.jar;C:\Users\Scott\.m2\repository\org\apache\lucene\lucene-core\4.0-SNAPSHOT\lucene-core-4.0-SNAPSHOT.jar;C:\Users\Scott\.m2\repository\org\apache\lucene\lucene-analyzers-phonetic\4.0-SNAPSHOT\lucene-analyzers-phonetic-4.0-SNAPSHOT.jar;C:\Users\Scott\.m2\repository\org\apache\lucene\lucene-highlighter\4.0-SNAPSHOT\lucene-highlighter-4.0-SNAPSHOT.jar;C:\Users\Scott\.m2\repository\org\apache\lucene\lucene-memory\4.0-SNAPSHOT\lucene-memory-4.0-SNAPSHOT.jar;C:\Users\Scott\.m2\repository\org\apache\lucene\lucene-misc\4.0-SNAPSHOT\lucene-misc-4.0-SNAPSHOT.jar;C:\Users\Scott\.m2\repository\org\apache\lucene\lucene-queryparser\4.0-SNAPSHOT\lucene-queryparser-4.0-SNAPSHOT.jar;C:\Users\Scott\.m2\repository\org\apache\lucene\lucene-queries\4.0-SNAPSHOT\lucene-queries-4.0-SNAPSHOT.jar;C:\Users\Scott\.m2\repository\org\apache\lucene\lucene-sandbox\4.0-SNAPSHOT\lucene-sandbox-4.0-SNAPSHOT.jar;C:\Users\Scott\.m2\repository\jakarta-regexp\jakarta-regexp\1.4\jakarta-regexp-1.4.jar;C:\Users\Scott\.m2\repository\org\apache\lucene\lucene-spatial\4.0-SNAPSHOT\lucene-spatial-4.0-SNAPSHOT.jar;C:\Users\Scott\.m2\repository\org\apache\lucene\lucene-suggest\4.0-SNAPSHOT\lucene-suggest-4.0-SNAPSHOT.jar;C:\Users\Scott\.m2\repository\org\apache\lucene\lucene-grouping\4.0-SNAPSHOT\lucene-grouping-4.0-SNAPSHOT.jar;C:\Users\Scott\.m2\repository\org\apache\solr\solr-commons-csv\4.0-SNAPSHOT\solr-commons-csv-4.0-SNAPSHOT.jar;C:\Users\Scott\.m2\repository\commons-fileupload\commons-fileupload\1.2.1\commons-fileupload-1.2.1.jar;C:\Users\Scott\.m2\repository\commons-lang\commons-lang\2.4\commons-lang-2.4.jar;C:\Users\Scott\.m2\repository\org\apache\velocity\velocity\1.6.4\velocity-1.6.4.jar;C:\Users\Scott\.m2\repository\commons-collections\commons-collections\3.2.1\commons-collections-3.2.1.jar;C:\Users\Scott\.m2\repository\oro\oro\2.0.8\oro-2.0.8.jar;C:\Users\Scott\.m2\repository\org\apache\velocity\velocity-tools\2.0\velocity-tools-2.0.jar;C:\Users\Scott\.m2\repository\commons-beanutils\commons-beanutils\1.7.0\commons-beanutils-1.7.0.jar;C:\Users\Scott\.m2\repository\commons-digester\commons-digester\1.8\commons-digester-1.8.jar;C:\Users\Scott\.m2\repository\commons-chain\commons-chain\1.1\commons-chain-1.1.jar;C:\Users\Scott\.m2\repository\commons-validator\commons-validator\1.3.1\commons-validator-1.3.1.jar;C:\Users\Scott\.m2\repository\dom4j\dom4j\1.1\dom4j-1.1.jar;C:\Users\Scott\.m2\repository\sslext\sslext\1.2-0\sslext-1.2-0.jar;C:\Users\Scott\.m2\repository\org\apache\struts\struts-core\1.3.8\struts-core-1.3.8.jar;C:\Users\Scott\.m2\repository\antlr\antlr\2.7.2\antlr-2.7.2.jar;C:\Users\Scott\.m2\repository\org\apache\struts\struts-taglib\1.3.8\struts-taglib-1.3.8.jar;C:\Users\Scott\.m2\repository\org\apache\struts\struts-tiles\1.3.8\struts-tiles-1.3.8.jar;C:\Users\Scott\.m2\repository\org\slf4j\slf4j-jdk14\1.6.1\slf4j-jdk14-1.6.1.jar;C:\Users\Scott\.m2\repository\org\codehaus\woodstox\wstx-asl\3.2.7\wstx-asl-3.2.7.jar;C:\Users\Scott\.m2\repository\org\apache\solr\solr-test-framework\4.0-SNAPSHOT\solr-test-framework-4.0-SNAPSHOT.jar;C:\Users\Scott\.m2\repository\org\apache\lucene\lucene-test-framework\4.0-SNAPSHOT\lucene-test-framework-4.0-SNAPSHOT.jar;C:\Users\Scott\.m2\repository\org\apache\ant\ant-junit\1.7.1\ant-junit-1.7.1.jar;C:\Users\Scott\.m2\repository\org\apache\ant\ant\1.7.1\ant-1.7.1.jar;C:\Users\Scott\.m2\repository\org\apache\ant\ant-launcher\1.7.1\ant-launcher-1.7.1.jar;C:\Users\Scott\.m2\repository\com\google\guava\guava\r09\guava-r09.jar;C:\Users\Scott\.m2\repository\jetty\javax.servlet\5.1.12\javax.servlet-5.1.12.jar;"/>
    <property name="java.specification.name" value="Java Platform API Specification"/>
    <property name="java.class.version" value="50.0"/>
    <property name="sun.management.compiler" value="HotSpot Client Compiler"/>
    <property name="os.version" value="6.1"/>
    <property name="user.home" value="C:\Users\Scott"/>
    <property name="user.timezone" value="America/New_York"/>
    <property name="java.awt.printerjob" value="sun.awt.windows.WPrinterJob"/>
    <property name="java.specification.version" value="1.6"/>
    <property name="file.encoding" value="Cp1252"/>
    <property name="user.name" value="Scott"/>
    <property name="java.class.path" value="D:\OSC\Eclipse\o19s-solr-termsubset\target\test-classes;D:\OSC\Eclipse\o19s-solr-termsubset\target\classes;C:\Users\Scott\.m2\repository\org\apache\solr\solr-core\4.0-SNAPSHOT\solr-core-4.0-SNAPSHOT.jar;C:\Users\Scott\.m2\repository\org\apache\solr\solr-solrj\4.0-SNAPSHOT\solr-solrj-4.0-SNAPSHOT.jar;C:\Users\Scott\.m2\repository\org\apache\zookeeper\zookeeper\3.3.3\zookeeper-3.3.3.jar;C:\Users\Scott\.m2\repository\log4j\log4j\1.2.15\log4j-1.2.15.jar;C:\Users\Scott\.m2\repository\javax\mail\mail\1.4\mail-1.4.jar;C:\Users\Scott\.m2\repository\javax\activation\activation\1.1\activation-1.1.jar;C:\Users\Scott\.m2\repository\jline\jline\0.9.94\jline-0.9.94.jar;C:\Users\Scott\.m2\repository\junit\junit\4.7\junit-4.7.jar;C:\Users\Scott\.m2\repository\commons-httpclient\commons-httpclient\3.1\commons-httpclient-3.1.jar;C:\Users\Scott\.m2\repository\commons-logging\commons-logging\1.0.4\commons-logging-1.0.4.jar;C:\Users\Scott\.m2\repository\commons-codec\commons-codec\1.4\commons-codec-1.4.jar;C:\Users\Scott\.m2\repository\commons-io\commons-io\1.4\commons-io-1.4.jar;C:\Users\Scott\.m2\repository\org\slf4j\slf4j-api\1.6.1\slf4j-api-1.6.1.jar;C:\Users\Scott\.m2\repository\org\apache\solr\solr-noggit\4.0-SNAPSHOT\solr-noggit-4.0-SNAPSHOT.jar;C:\Users\Scott\.m2\repository\org\apache\lucene\lucene-analyzers-common\4.0-SNAPSHOT\lucene-analyzers-common-4.0-SNAPSHOT.jar;C:\Users\Scott\.m2\repository\org\apache\lucene\lucene-core\4.0-SNAPSHOT\lucene-core-4.0-SNAPSHOT.jar;C:\Users\Scott\.m2\repository\org\apache\lucene\lucene-analyzers-phonetic\4.0-SNAPSHOT\lucene-analyzers-phonetic-4.0-SNAPSHOT.jar;C:\Users\Scott\.m2\repository\org\apache\lucene\lucene-highlighter\4.0-SNAPSHOT\lucene-highlighter-4.0-SNAPSHOT.jar;C:\Users\Scott\.m2\repository\org\apache\lucene\lucene-memory\4.0-SNAPSHOT\lucene-memory-4.0-SNAPSHOT.jar;C:\Users\Scott\.m2\repository\org\apache\lucene\lucene-misc\4.0-SNAPSHOT\lucene-misc-4.0-SNAPSHOT.jar;C:\Users\Scott\.m2\repository\org\apache\lucene\lucene-queryparser\4.0-SNAPSHOT\lucene-queryparser-4.0-SNAPSHOT.jar;C:\Users\Scott\.m2\repository\org\apache\lucene\lucene-queries\4.0-SNAPSHOT\lucene-queries-4.0-SNAPSHOT.jar;C:\Users\Scott\.m2\repository\org\apache\lucene\lucene-sandbox\4.0-SNAPSHOT\lucene-sandbox-4.0-SNAPSHOT.jar;C:\Users\Scott\.m2\repository\jakarta-regexp\jakarta-regexp\1.4\jakarta-regexp-1.4.jar;C:\Users\Scott\.m2\repository\org\apache\lucene\lucene-spatial\4.0-SNAPSHOT\lucene-spatial-4.0-SNAPSHOT.jar;C:\Users\Scott\.m2\repository\org\apache\lucene\lucene-suggest\4.0-SNAPSHOT\lucene-suggest-4.0-SNAPSHOT.jar;C:\Users\Scott\.m2\repository\org\apache\lucene\lucene-grouping\4.0-SNAPSHOT\lucene-grouping-4.0-SNAPSHOT.jar;C:\Users\Scott\.m2\repository\org\apache\solr\solr-commons-csv\4.0-SNAPSHOT\solr-commons-csv-4.0-SNAPSHOT.jar;C:\Users\Scott\.m2\repository\commons-fileupload\commons-fileupload\1.2.1\commons-fileupload-1.2.1.jar;C:\Users\Scott\.m2\repository\commons-lang\commons-lang\2.4\commons-lang-2.4.jar;C:\Users\Scott\.m2\repository\org\apache\velocity\velocity\1.6.4\velocity-1.6.4.jar;C:\Users\Scott\.m2\repository\commons-collections\commons-collections\3.2.1\commons-collections-3.2.1.jar;C:\Users\Scott\.m2\repository\oro\oro\2.0.8\oro-2.0.8.jar;C:\Users\Scott\.m2\repository\org\apache\velocity\velocity-tools\2.0\velocity-tools-2.0.jar;C:\Users\Scott\.m2\repository\commons-beanutils\commons-beanutils\1.7.0\commons-beanutils-1.7.0.jar;C:\Users\Scott\.m2\repository\commons-digester\commons-digester\1.8\commons-digester-1.8.jar;C:\Users\Scott\.m2\repository\commons-chain\commons-chain\1.1\commons-chain-1.1.jar;C:\Users\Scott\.m2\repository\commons-validator\commons-validator\1.3.1\commons-validator-1.3.1.jar;C:\Users\Scott\.m2\repository\dom4j\dom4j\1.1\dom4j-1.1.jar;C:\Users\Scott\.m2\repository\sslext\sslext\1.2-0\sslext-1.2-0.jar;C:\Users\Scott\.m2\repository\org\apache\struts\struts-core\1.3.8\struts-core-1.3.8.jar;C:\Users\Scott\.m2\repository\antlr\antlr\2.7.2\antlr-2.7.2.jar;C:\Users\Scott\.m2\repository\org\apache\struts\struts-taglib\1.3.8\struts-taglib-1.3.8.jar;C:\Users\Scott\.m2\repository\org\apache\struts\struts-tiles\1.3.8\struts-tiles-1.3.8.jar;C:\Users\Scott\.m2\repository\org\slf4j\slf4j-jdk14\1.6.1\slf4j-jdk14-1.6.1.jar;C:\Users\Scott\.m2\repository\org\codehaus\woodstox\wstx-asl\3.2.7\wstx-asl-3.2.7.jar;C:\Users\Scott\.m2\repository\org\apache\solr\solr-test-framework\4.0-SNAPSHOT\solr-test-framework-4.0-SNAPSHOT.jar;C:\Users\Scott\.m2\repository\org\apache\lucene\lucene-test-framework\4.0-SNAPSHOT\lucene-test-framework-4.0-SNAPSHOT.jar;C:\Users\Scott\.m2\repository\org\apache\ant\ant-junit\1.7.1\ant-junit-1.7.1.jar;C:\Users\Scott\.m2\repository\org\apache\ant\ant\1.7.1\ant-1.7.1.jar;C:\Users\Scott\.m2\repository\org\apache\ant\ant-launcher\1.7.1\ant-launcher-1.7.1.jar;C:\Users\Scott\.m2\repository\com\google\guava\guava\r09\guava-r09.jar;C:\Users\Scott\.m2\repository\jetty\javax.servlet\5.1.12\javax.servlet-5.1.12.jar;"/>
    <property name="java.vm.specification.version" value="1.0"/>
    <property name="sun.arch.data.model" value="32"/>
    <property name="java.home" value="C:\PROGRA~2\SAIC\Server\jdk\jre"/>
    <property name="sun.java.command" value="C:\Users\Scott\AppData\Local\Temp\surefirebooter4026236230170444818.jar C:\Users\Scott\AppData\Local\Temp\surefire2129837921792548006tmp C:\Users\Scott\AppData\Local\Temp\surefire1626321933607559987tmp"/>
    <property name="java.specification.vendor" value="Sun Microsystems Inc."/>
    <property name="user.language" value="en"/>
    <property name="awt.toolkit" value="sun.awt.windows.WToolkit"/>
    <property name="java.vm.info" value="mixed mode, sharing"/>
    <property name="java.version" value="1.6.0_25"/>
    <property name="java.ext.dirs" value="C:\PROGRA~2\SAIC\Server\jdk\jre\lib\ext;C:\Windows\Sun\Java\lib\ext"/>
    <property name="sun.boot.class.path" value="C:\PROGRA~2\SAIC\Server\jdk\jre\lib\resources.jar;C:\PROGRA~2\SAIC\Server\jdk\jre\lib\rt.jar;C:\PROGRA~2\SAIC\Server\jdk\jre\lib\sunrsasign.jar;C:\PROGRA~2\SAIC\Server\jdk\jre\lib\jsse.jar;C:\PROGRA~2\SAIC\Server\jdk\jre\lib\jce.jar;C:\PROGRA~2\SAIC\Server\jdk\jre\lib\charsets.jar;C:\PROGRA~2\SAIC\Server\jdk\jre\lib\modules\jdk.boot.jar;C:\PROGRA~2\SAIC\Server\jdk\jre\classes"/>
    <property name="java.vendor" value="Sun Microsystems Inc."/>
    <property name="localRepository" value="C:\Users\Scott\.m2\repository"/>
    <property name="file.separator" value="\"/>
    <property name="java.vendor.url.bug" value="http://java.sun.com/cgi-bin/bugreport.cgi"/>
    <property name="sun.cpu.endian" value="little"/>
    <property name="sun.io.unicode.encoding" value="UnicodeLittle"/>
    <property name="sun.desktop" value="windows"/>
    <property name="sun.cpu.isalist" value="pentium_pro+mmx pentium_pro pentium+mmx pentium i486 i386 i86"/>
  </properties>
  <testcase time="0.401" classname="com.o19s.solr.TestRegexpQuery" name="testRegex6"/>
  <testcase time="0.072" classname="com.o19s.solr.TestRegexpQuery" name="testMakePowerSet"/>
  <testcase time="0.007" classname="com.o19s.solr.TestRegexpQuery" name="testMatchSingleTerm"/>
  <testcase time="0.168" classname="com.o19s.solr.TestRegexpQuery" name="testCaveat"/>
  <testcase time="0.168" classname="com.o19s.solr.TestRegexpQuery" name="testCaveats">
    <skipped/>
  </testcase>
  <testcase time="0.008" classname="com.o19s.solr.TestRegexpQuery" name="testComplexMultiple"/>
  <testcase time="0.005" classname="com.o19s.solr.TestRegexpQuery" name="testRegex2"/>
  <testcase time="0.013" classname="com.o19s.solr.TestRegexpQuery" name="testRegex5"/>
  <testcase time="0.006" classname="com.o19s.solr.TestRegexpQuery" name="testRegex7"/>
  <testcase time="0.009" classname="com.o19s.solr.TestRegexpQuery" name="testRegex9"/>
  <testcase time="0.006" classname="com.o19s.solr.TestRegexpQuery" name="testRegex3"/>
  <testcase time="0.005" classname="com.o19s.solr.TestRegexpQuery" name="testRegexStar"/>
  <testcase time="0.006" classname="com.o19s.solr.TestRegexpQuery" name="testRegex8"/>
</testsuite>